Start testing: May 18 11:02 PDT
----------------------------------------------------------
1/11 Testing: test_actuator
1/11 Test: test_actuator
Command: "/Users/derekjrussell/Documents/repos/IronMan/backend/aerodynamics/physics_plugin/build/test_actuator"
Directory: /Users/derekjrussell/Documents/repos/IronMan/backend/aerodynamics/physics_plugin/build
"test_actuator" start time: May 18 11:02 PDT
Output:
----------------------------------------------------------
[==========] tests: Running 5 test(s).
[ RUN      ] test_actuator_create_destroy
[       OK ] test_actuator_create_destroy
[ RUN      ] test_actuator_set_command
[       OK ] test_actuator_set_command
[ RUN      ] test_actuator_apply_surface
[       OK ] test_actuator_apply_surface
[ RUN      ] test_actuator_apply_body_force
[       OK ] test_actuator_apply_body_force
[ RUN      ] test_actuator_invalid_inputs
[       OK ] test_actuator_invalid_inputs
[==========] tests: 5 test(s) run.
[  PASSED  ] 5 test(s).
<end of output>
Test time =   1.50 sec
----------------------------------------------------------
Test Passed.
"test_actuator" end time: May 18 11:02 PDT
"test_actuator" time elapsed: 00:00:01
----------------------------------------------------------

2/11 Testing: test_bindings
2/11 Test: test_bindings
Command: "/Users/derekjrussell/Documents/repos/IronMan/backend/aerodynamics/physics_plugin/build/test_bindings"
Directory: /Users/derekjrussell/Documents/repos/IronMan/backend/aerodynamics/physics_plugin/build
"test_bindings" start time: May 18 11:02 PDT
Output:
----------------------------------------------------------
[==========] tests: Running 6 test(s).
[ RUN      ] test_mesh_bind_null_and_bad_params
[AeroBindings] Invalid mesh input parameters.
[AeroBindings] Invalid mesh input parameters.
[AeroBindings] Invalid mesh input parameters.
[AeroBindings] Invalid mesh input parameters.
[AeroBindings] Invalid mesh input parameters.
[       OK ] test_mesh_bind_null_and_bad_params
[ RUN      ] test_mesh_bind_create_and_destroy
[AeroBindings] Mesh created successfully (nodes: 2, cells: 1)
[AeroBindings] Mesh destroyed.
[AeroBindings] Attempted to destroy null mesh handle.
[       OK ] test_mesh_bind_create_and_destroy
[ RUN      ] test_turb_model_bind_create_and_destroy
[AeroBindings] Turbulence model created (Cmu=0.090, sigma_k=1.000)
[AeroBindings] Turbulence model destroyed.
[AeroBindings] Attempted to destroy null turbulence model handle.
[       OK ] test_turb_model_bind_create_and_destroy
[ RUN      ] test_actuator_bind_null_and_bad_params
[AeroBindings] Invalid actuator input parameters.
[AeroBindings] Invalid actuator input parameters.
[AeroBindings] Invalid actuator input parameters.
[AeroBindings] Invalid actuator input parameters.
[       OK ] test_actuator_bind_null_and_bad_params
[ RUN      ] test_actuator_bind_create_set_destroy
[AeroBindings] Actuator 'ctrl' created (type: 1, nodes: 2)
[AeroBindings] Actuator command set to 3.1415
[AeroBindings] Attempted to set command on null actuator.
[AeroBindings] Actuator destroyed.
[AeroBindings] Attempted to destroy null actuator.
[       OK ] test_actuator_bind_create_set_destroy
[ RUN      ] test_solver_and_flowstate_bindings
[AeroBindings] Mesh created successfully (nodes: 2, cells: 1)
[AeroBindings] Turbulence model created (Cmu=0.090, sigma_k=1.000)
[AeroBindings] Null input provided to solver_create.
[AeroBindings] Null input provided to solver_create.
[AeroBindings] Solver created successfully.
[AeroBindings] Attempted to initialize null solver.
[AeroBindings] Solver initialized.
[AeroBindings] Invalid input to solver_step (solver: 0x0, dt: 0.010000)
[AeroBindings] Invalid input to solver_step (solver: 0x600001378000, dt: -1.000000)
[AeroBindings] Solver stepped by dt=0.05000 seconds.
[AeroBindings] Null mesh provided to flow_state_create.
[AeroBindings] Flow state created.
[AeroBindings] Invalid input to solver_read_state (solver: 0x0, state: 0x600001d780f0)
[AeroBindings] Invalid input to solver_read_state (solver: 0x600001378000, state: 0x0)
[AeroBindings] Solver state read successfully.
[AeroBindings] Invalid input to flow_state_get_velocity.
[AeroBindings] Invalid input to flow_state_get_velocity.
[AeroBindings] Actuator 'surf' created (type: 0, nodes: 2)
[AeroBindings] Invalid input to solver_apply_actuator (solver: 0x0, actuator: 0x600003078000, dt: 0.100000)
[AeroBindings] Invalid input to solver_apply_actuator (solver: 0x600001378000, actuator: 0x0, dt: 0.100000)
[AeroBindings] Invalid input to solver_apply_actuator (solver: 0x600001378000, actuator: 0x600003078000, dt: -0.500000)
[AeroBindings] Actuator applied to solver for dt=1.00000 seconds.
[AeroBindings] Flow state destroyed.
[AeroBindings] Solver destroyed.
[AeroBindings] Actuator destroyed.
[AeroBindings] Turbulence model destroyed.
[AeroBindings] Mesh destroyed.
[       OK ] test_solver_and_flowstate_bindings
[==========] tests: 6 test(s) run.
[  PASSED  ] 6 test(s).
<end of output>
Test time =   0.40 sec
----------------------------------------------------------
Test Passed.
"test_bindings" end time: May 18 11:02 PDT
"test_bindings" time elapsed: 00:00:00
----------------------------------------------------------

3/11 Testing: test_flow_state
3/11 Test: test_flow_state
Command: "/Users/derekjrussell/Documents/repos/IronMan/backend/aerodynamics/physics_plugin/build/test_flow_state"
Directory: /Users/derekjrussell/Documents/repos/IronMan/backend/aerodynamics/physics_plugin/build
"test_flow_state" start time: May 18 11:02 PDT
Output:
----------------------------------------------------------
[==========] tests: Running 3 test(s).
[ RUN      ] test_flow_state_init_and_destroy
[       OK ] test_flow_state_init_and_destroy
[ RUN      ] test_flow_state_init_zero_nodes
[       OK ] test_flow_state_init_zero_nodes
[ RUN      ] test_flow_state_double_init_destroy
[       OK ] test_flow_state_double_init_destroy
[==========] tests: 3 test(s) run.
[  PASSED  ] 3 test(s).
<end of output>
Test time =   0.41 sec
----------------------------------------------------------
Test Passed.
"test_flow_state" end time: May 18 11:02 PDT
"test_flow_state" time elapsed: 00:00:00
----------------------------------------------------------

4/11 Testing: test_mesh
4/11 Test: test_mesh
Command: "/Users/derekjrussell/Documents/repos/IronMan/backend/aerodynamics/physics_plugin/build/test_mesh"
Directory: /Users/derekjrussell/Documents/repos/IronMan/backend/aerodynamics/physics_plugin/build
"test_mesh" start time: May 18 11:02 PDT
Output:
----------------------------------------------------------
[==========] tests: Running 8 test(s).
[ RUN      ] test_mesh_create_invalid
[       OK ] test_mesh_create_invalid
[ RUN      ] test_mesh_create_valid_and_destroy
[       OK ] test_mesh_create_valid_and_destroy
[ RUN      ] test_mesh_destroy_null
[       OK ] test_mesh_destroy_null
[ RUN      ] test_mesh_get_num_nodes
[       OK ] test_mesh_get_num_nodes
[ RUN      ] test_mesh_initialize_null
[       OK ] test_mesh_initialize_null
[ RUN      ] test_mesh_initialize_empty
[       OK ] test_mesh_initialize_empty
[ RUN      ] test_mesh_initialize_tetra
[       OK ] test_mesh_initialize_tetra
[ RUN      ] test_mesh_compute_diffusion
[       OK ] test_mesh_compute_diffusion
[==========] tests: 8 test(s) run.
[  PASSED  ] 8 test(s).
<end of output>
Test time =   0.40 sec
----------------------------------------------------------
Test Passed.
"test_mesh" end time: May 18 11:02 PDT
"test_mesh" time elapsed: 00:00:00
----------------------------------------------------------

5/11 Testing: test_solver
5/11 Test: test_solver
Command: "/Users/derekjrussell/Documents/repos/IronMan/backend/aerodynamics/physics_plugin/build/test_solver"
Directory: /Users/derekjrussell/Documents/repos/IronMan/backend/aerodynamics/physics_plugin/build
"test_solver" start time: May 18 11:02 PDT
Output:
----------------------------------------------------------
[==========] tests: Running 7 test(s).
[ RUN      ] test_solver_create_invalid
solver_create: NULL mesh or turb_model.
solver_create: NULL mesh or turb_model.
[       OK ] test_solver_create_invalid
[ RUN      ] test_solver_create_and_destroy
[       OK ] test_solver_create_and_destroy
[ RUN      ] test_solver_read_state_copy
[       OK ] test_solver_read_state_copy
[ RUN      ] test_solver_read_state_null
[       OK ] test_solver_read_state_null
[ RUN      ] test_solver_apply_actuators_null
[       OK ] test_solver_apply_actuators_null
[ RUN      ] test_solver_step_null
[       OK ] test_solver_step_null
[ RUN      ] test_solver_initialize_null
[       OK ] test_solver_initialize_null
[==========] tests: 7 test(s) run.
[  PASSED  ] 7 test(s).
<end of output>
Test time =   0.41 sec
----------------------------------------------------------
Test Passed.
"test_solver" end time: May 18 11:02 PDT
"test_solver" time elapsed: 00:00:00
----------------------------------------------------------

6/11 Testing: test_turbulence_model
6/11 Test: test_turbulence_model
Command: "/Users/derekjrussell/Documents/repos/IronMan/backend/aerodynamics/physics_plugin/build/test_turbulence_model"
Directory: /Users/derekjrussell/Documents/repos/IronMan/backend/aerodynamics/physics_plugin/build
"test_turbulence_model" start time: May 18 11:02 PDT
Output:
----------------------------------------------------------
[==========] tests: Running 9 test(s).
[ RUN      ] test_turbulence_model_create_default
[       OK ] test_turbulence_model_create_default
[ RUN      ] test_turbulence_model_create_with_params
[       OK ] test_turbulence_model_create_with_params
[ RUN      ] test_turbulence_model_destroy_null
[       OK ] test_turbulence_model_destroy_null
[ RUN      ] test_turb_model_initialize_invalid
[       OK ] test_turb_model_initialize_invalid
[ RUN      ] test_turb_model_initialize_valid
[       OK ] test_turb_model_initialize_valid
[ RUN      ] test_turb_model_compute_viscosity_invalid
[       OK ] test_turb_model_compute_viscosity_invalid
[ RUN      ] test_turb_model_compute_viscosity_basic
[       OK ] test_turb_model_compute_viscosity_basic
[ RUN      ] test_turb_model_update_invalid
[       OK ] test_turb_model_update_invalid
[ RUN      ] test_turb_model_update_noop
[       OK ] test_turb_model_update_noop
[==========] tests: 9 test(s) run.
[  PASSED  ] 9 test(s).
<end of output>
Test time =   0.40 sec
----------------------------------------------------------
Test Passed.
"test_turbulence_model" end time: May 18 11:02 PDT
"test_turbulence_model" time elapsed: 00:00:00
----------------------------------------------------------

7/11 Testing: full_pipeline_c
7/11 Test: full_pipeline_c
Command: "/Users/derekjrussell/Documents/repos/IronMan/backend/aerodynamics/physics_plugin/build/test_full_pipeline"
Directory: /Users/derekjrussell/Documents/repos/IronMan/backend/aerodynamics/physics_plugin/build
"full_pipeline_c" start time: May 18 11:02 PDT
Output:
----------------------------------------------------------
Assertion failed: (!isnan(out->velocity[3 * i + d])), function main, file test_full_pipeline.c, line 68.
<end of output>
Test time =   0.40 sec
----------------------------------------------------------
Test Failed.
"full_pipeline_c" end time: May 18 11:02 PDT
"full_pipeline_c" time elapsed: 00:00:00
----------------------------------------------------------

8/11 Testing: simple_test
8/11 Test: simple_test
Command: "/Users/derekjrussell/Documents/repos/IronMan/backend/aerodynamics/physics_plugin/build/_deps/cmocka-build/example/simple_test"
Directory: /Users/derekjrussell/Documents/repos/IronMan/backend/aerodynamics/physics_plugin/build/_deps/cmocka-build/example
"simple_test" start time: May 18 11:02 PDT
Output:
----------------------------------------------------------
[==========] tests: Running 1 test(s).
[ RUN      ] null_test_success
[       OK ] null_test_success
[==========] tests: 1 test(s) run.
[  PASSED  ] 1 test(s).
<end of output>
Test time =   0.49 sec
----------------------------------------------------------
Test Passed.
"simple_test" end time: May 18 11:02 PDT
"simple_test" time elapsed: 00:00:00
----------------------------------------------------------

9/11 Testing: allocate_module_test
9/11 Test: allocate_module_test
Command: "/Users/derekjrussell/Documents/repos/IronMan/backend/aerodynamics/physics_plugin/build/_deps/cmocka-build/example/allocate_module_test"
Directory: /Users/derekjrussell/Documents/repos/IronMan/backend/aerodynamics/physics_plugin/build/_deps/cmocka-build/example
"allocate_module_test" start time: May 18 11:02 PDT
Output:
----------------------------------------------------------
[==========] tests: Running 3 test(s).
[ RUN      ] leak_memory_test
[  ERROR   ] --- Blocks allocated...
/Users/derekjrussell/Documents/repos/IronMan/backend/aerodynamics/physics_plugin/build/_deps/cmocka-src/example/allocate_module.c:41: note: block 0x600002d18080 allocated here
ERROR: leak_memory_test leaked 1 block(s)

[  FAILED  ] leak_memory_test
[ RUN      ] buffer_overflow_test
[  ERROR   ] --- /Users/derekjrussell/Documents/repos/IronMan/backend/aerodynamics/physics_plugin/build/_deps/cmocka-src/example/allocate_module.c:48: error: Guard block of 0x600002d180e0 size=4 is corrupt
/Users/derekjrussell/Documents/repos/IronMan/backend/aerodynamics/physics_plugin/build/_deps/cmocka-src/example/allocate_module.c:46: note: allocated here at 0x600002d180e4
[   LINE   ] --- /Users/derekjrussell/Documents/repos/IronMan/backend/aerodynamics/physics_plugin/build/_deps/cmocka-src/example/allocate_module.c:48: error: Failure!
[  FAILED  ] buffer_overflow_test
[ RUN      ] buffer_underflow_test
[  ERROR   ] --- /Users/derekjrussell/Documents/repos/IronMan/backend/aerodynamics/physics_plugin/build/_deps/cmocka-src/example/allocate_module.c:54: error: Guard block of 0x600002d18160 size=4 is corrupt
/Users/derekjrussell/Documents/repos/IronMan/backend/aerodynamics/physics_plugin/build/_deps/cmocka-src/example/allocate_module.c:52: note: allocated here at 0x600002d1815f
[   LINE   ] --- /Users/derekjrussell/Documents/repos/IronMan/backend/aerodynamics/physics_plugin/build/_deps/cmocka-src/example/allocate_module.c:54: error: Failure!
[  FAILED  ] buffer_underflow_test
[==========] tests: 3 test(s) run.
[  PASSED  ] 0 test(s).
[  FAILED  ] tests: 3 test(s), listed below:
[  FAILED  ] leak_memory_test
[  FAILED  ] buffer_overflow_test
[  FAILED  ] buffer_underflow_test

 3 FAILED TEST(S)
<end of output>
Test time =   0.39 sec
----------------------------------------------------------
Test Passed.
"allocate_module_test" end time: May 18 11:02 PDT
"allocate_module_test" time elapsed: 00:00:00
----------------------------------------------------------

10/11 Testing: assert_macro_test
10/11 Test: assert_macro_test
Command: "/Users/derekjrussell/Documents/repos/IronMan/backend/aerodynamics/physics_plugin/build/_deps/cmocka-build/example/assert_macro_test"
Directory: /Users/derekjrussell/Documents/repos/IronMan/backend/aerodynamics/physics_plugin/build/_deps/cmocka-build/example
"assert_macro_test" start time: May 18 11:02 PDT
Output:
----------------------------------------------------------
[==========] tests: Running 2 test(s).
[ RUN      ] get_status_code_string_test
[  ERROR   ] --- "Connection dropped" != "Connection timed out"
[   LINE   ] --- /Users/derekjrussell/Documents/repos/IronMan/backend/aerodynamics/physics_plugin/build/_deps/cmocka-src/example/assert_macro_test.c:29: error: Failure!
[  FAILED  ] get_status_code_string_test
[ RUN      ] string_to_status_code_test
[  ERROR   ] --- 0x2 != 0x1
[   LINE   ] --- /Users/derekjrussell/Documents/repos/IronMan/backend/aerodynamics/physics_plugin/build/_deps/cmocka-src/example/assert_macro_test.c:37: error: Failure!
[  FAILED  ] string_to_status_code_test
[==========] tests: 2 test(s) run.
[  PASSED  ] 0 test(s).
[  FAILED  ] tests: 2 test(s), listed below:
[  FAILED  ] get_status_code_string_test
[  FAILED  ] string_to_status_code_test

 2 FAILED TEST(S)
<end of output>
Test time =   0.40 sec
----------------------------------------------------------
Test Passed.
"assert_macro_test" end time: May 18 11:02 PDT
"assert_macro_test" time elapsed: 00:00:00
----------------------------------------------------------

11/11 Testing: assert_module_test
11/11 Test: assert_module_test
Command: "/Users/derekjrussell/Documents/repos/IronMan/backend/aerodynamics/physics_plugin/build/_deps/cmocka-build/example/assert_module_test"
Directory: /Users/derekjrussell/Documents/repos/IronMan/backend/aerodynamics/physics_plugin/build/_deps/cmocka-build/example
"assert_module_test" start time: May 18 11:02 PDT
Output:
----------------------------------------------------------
[==========] tests: Running 3 test(s).
[ RUN      ] increment_value_fail
[  ERROR   ] --- ASSERT: value
[   LINE   ] --- /Users/derekjrussell/Documents/repos/IronMan/backend/aerodynamics/physics_plugin/build/_deps/cmocka-src/example/assert_module.c:30: error: Failure!
[  FAILED  ] increment_value_fail
[ RUN      ] increment_value_assert
Expected assertion value occurred
[       OK ] increment_value_assert
[ RUN      ] decrement_value_fail
Expected assert in decrement_value(NULL)
[  ERROR   ] --- [   LINE   ] --- /Users/derekjrussell/Documents/repos/IronMan/backend/aerodynamics/physics_plugin/build/_deps/cmocka-src/example/assert_module_test.c:46: error: Failure!
[  FAILED  ] decrement_value_fail
[==========] tests: 3 test(s) run.
[  PASSED  ] 1 test(s).
[  FAILED  ] tests: 2 test(s), listed below:
[  FAILED  ] increment_value_fail
[  FAILED  ] decrement_value_fail

 2 FAILED TEST(S)
<end of output>
Test time =   0.39 sec
----------------------------------------------------------
Test Passed.
"assert_module_test" end time: May 18 11:02 PDT
"assert_module_test" time elapsed: 00:00:00
----------------------------------------------------------

End testing: May 18 11:02 PDT
