<?xml version="1.0" encoding="UTF-8"?>
<Site BuildName="(empty)"
	BuildStamp="20250710-1723-Experimental"
	Name="(empty)"
	Generator="ctest-3.31.6"
	CompilerName=""
	CompilerVersion=""
	OSName="macOS"
	Hostname="Dereks-MacBook-Pro.local"
	OSRelease="15.6"
	OSVersion="24G5054d"
	OSPlatform="arm64"
	Is64Bits="1"
	VendorString="Apple"
	VendorID="Apple"
	FamilyID="0"
	ModelID="0"
	ModelName="Apple M1"
	ProcessorCacheSize="131072"
	NumberOfLogicalCPU="8"
	NumberOfPhysicalCPU="8"
	TotalVirtualMemory="29696"
	TotalPhysicalMemory="16384"
	LogicalProcessorsPerPhysical="8"
	ProcessorClockFrequency="0"
	>
	<Testing>
		<StartDateTime>Jul 10 13:23 EDT</StartDateTime>
		<StartTestTime>1752168208</StartTestTime>
		<TestList/>
		<EndDateTime>Jul 10 13:23 EDT</EndDateTime>
		<EndTestTime>1752168208</EndTestTime>
		<ElapsedMinutes>0</ElapsedMinutes>
	</Testing>
</Site>
